app/build/intermediates/manifest_merge_blame_file/debug/processDebugMainManifest/manifest-merger-blame-debug-report.txt
1<?xml version="1.0" encoding="utf-8"?>
2<manifest xmlns:android="http://schemas.android.com/apk/res/android"
3    package="net.carff.android.steampunkclock"
4    android:versionCode="12"
5    android:versionName="2.12" >
6
7    <uses-sdk
8        android:minSdkVersion="34"
9        android:targetSdkVersion="35" />
10
11    <uses-permission android:name="android.permission.INTERNET" />
11-->src/main/AndroidManifest.xml:7:5-66
11-->src/main/AndroidManifest.xml:7:22-64
12    <uses-permission android:name="android.permission.ACCESS_COARSE_LOCATION" />
12-->src/main/AndroidManifest.xml:8:5-81
12-->src/main/AndroidManifest.xml:8:22-78
13    <uses-permission android:name="android.permission.WAKE_LOCK" />
13-->src/main/AndroidManifest.xml:10:5-67
13-->src/main/AndroidManifest.xml:10:22-65
14
15    <uses-feature
15-->src/main/AndroidManifest.xml:12:5-89
16        android:name="android.hardware.touchscreen"
16-->src/main/AndroidManifest.xml:12:19-62
17        android:required="false" />
17-->src/main/AndroidManifest.xml:12:63-87
18    <uses-feature
18-->src/main/AndroidManifest.xml:13:5-90
19        android:name="android.hardware.location.gps"
19-->src/main/AndroidManifest.xml:13:19-63
20        android:required="false" />
20-->src/main/AndroidManifest.xml:13:64-88
21
22    <permission
22-->[androidx.core:core:1.13.1] AndroidManifest.xml:22:5-24:47
23        android:name="net.carff.android.steampunkclock.DYNAMIC_RECEIVER_NOT_EXPORTED_PERMISSION"
23-->[androidx.core:core:1.13.1] AndroidManifest.xml:23:9-81
24        android:protectionLevel="signature" />
24-->[androidx.core:core:1.13.1] AndroidManifest.xml:24:9-44
25
26    <uses-permission android:name="net.carff.android.steampunkclock.DYNAMIC_RECEIVER_NOT_EXPORTED_PERMISSION" />
26-->[androidx.core:core:1.13.1] AndroidManifest.xml:26:5-97
26-->[androidx.core:core:1.13.1] AndroidManifest.xml:26:22-94
27
28    <application
28-->src/main/AndroidManifest.xml:15:5-77:19
29        android:name="net.carff.android.steampunkclock.SteampunkClockApplication"
29-->src/main/AndroidManifest.xml:16:9-50
30        android:appComponentFactory="androidx.core.app.CoreComponentFactory"
30-->[androidx.core:core:1.13.1] AndroidManifest.xml:28:18-86
31        android:debuggable="true"
32        android:extractNativeLibs="false"
33        android:icon="@drawable/clock_icon"
33-->src/main/AndroidManifest.xml:18:9-44
34        android:label="@string/app_name"
34-->src/main/AndroidManifest.xml:17:9-41
35        android:theme="@android:style/Theme.NoTitleBar.Fullscreen"
35-->src/main/AndroidManifest.xml:19:9-67
36        android:usesCleartextTraffic="true" >
36-->src/main/AndroidManifest.xml:20:9-44
37        <activity
37-->src/main/AndroidManifest.xml:22:9-37:20
38            android:name="net.carff.android.steampunkclock.ui.HomeActivity"
38-->src/main/AndroidManifest.xml:24:13-44
39            android:exported="true"
39-->src/main/AndroidManifest.xml:25:13-36
40            android:label="@string/app_name"
40-->src/main/AndroidManifest.xml:23:13-45
41            android:resizeableActivity="true" >
41-->src/main/AndroidManifest.xml:26:13-46
42            <intent-filter>
42-->src/main/AndroidManifest.xml:27:13-30:29
43                <action android:name="android.intent.action.MAIN" />
43-->src/main/AndroidManifest.xml:28:17-69
43-->src/main/AndroidManifest.xml:28:25-66
44
45                <category android:name="android.intent.category.LAUNCHER" />
45-->src/main/AndroidManifest.xml:29:17-77
45-->src/main/AndroidManifest.xml:29:27-74
46            </intent-filter>
47            <intent-filter>
47-->src/main/AndroidManifest.xml:31:13-36:29
48                <action android:name="android.intent.action.VIEW" />
48-->src/main/AndroidManifest.xml:32:17-68
48-->src/main/AndroidManifest.xml:32:25-66
49
50                <category android:name="android.intent.category.DEFAULT" />
50-->src/main/AndroidManifest.xml:33:17-75
50-->src/main/AndroidManifest.xml:33:27-73
51                <category android:name="android.intent.category.BROWSABLE" />
51-->src/main/AndroidManifest.xml:34:17-77
51-->src/main/AndroidManifest.xml:34:27-75
52
53                <data android:scheme="steampunkclock" />
53-->src/main/AndroidManifest.xml:35:17-56
53-->src/main/AndroidManifest.xml:35:23-54
54            </intent-filter>
55        </activity>
56        <activity
56-->src/main/AndroidManifest.xml:38:9-40:40
57            android:name="net.carff.android.steampunkclock.ui.SettingsActivity"
57-->src/main/AndroidManifest.xml:39:13-48
58            android:label="Settings" />
58-->src/main/AndroidManifest.xml:40:13-37
59
60        <service android:name="net.carff.android.steampunkclock.service.WeatherDataFetchService" >
60-->src/main/AndroidManifest.xml:41:9-43:19
60-->src/main/AndroidManifest.xml:42:13-60
61        </service>
62
63        <receiver
63-->src/main/AndroidManifest.xml:45:9-60:20
64            android:name="net.carff.android.steampunkclock.widget.SteampunkClockTimeWidgetProvider"
64-->src/main/AndroidManifest.xml:46:13-68
65            android:exported="true"
65-->src/main/AndroidManifest.xml:48:13-36
66            android:label="Steampunk Time Widget" >
66-->src/main/AndroidManifest.xml:47:13-50
67            <intent-filter>
67-->src/main/AndroidManifest.xml:49:13-52:29
68                <action android:name="android.appwidget.action.APPWIDGET_UPDATE" />
68-->src/main/AndroidManifest.xml:50:17-51:80
68-->src/main/AndroidManifest.xml:51:21-77
69            </intent-filter>
70            <intent-filter>
70-->src/main/AndroidManifest.xml:53:13-56:29
71                <action android:name="net.carff.android.STEAMPUNKCLOCK_TIME_WIDGET_UPDATE" />
71-->src/main/AndroidManifest.xml:54:17-55:90
71-->src/main/AndroidManifest.xml:55:21-87
72            </intent-filter>
73
74            <meta-data
74-->src/main/AndroidManifest.xml:57:13-59:54
75                android:name="android.appwidget.provider"
75-->src/main/AndroidManifest.xml:58:17-58
76                android:resource="@xml/time_widget" />
76-->src/main/AndroidManifest.xml:59:17-52
77        </receiver>
78        <receiver
78-->src/main/AndroidManifest.xml:61:9-76:20
79            android:name="net.carff.android.steampunkclock.widget.SteampunkClockDateWidgetProvider"
79-->src/main/AndroidManifest.xml:62:13-68
80            android:exported="true"
80-->src/main/AndroidManifest.xml:64:13-36
81            android:label="Steampunk Date Widget" >
81-->src/main/AndroidManifest.xml:63:13-50
82            <intent-filter>
82-->src/main/AndroidManifest.xml:49:13-52:29
83                <action android:name="android.appwidget.action.APPWIDGET_UPDATE" />
83-->src/main/AndroidManifest.xml:50:17-51:80
83-->src/main/AndroidManifest.xml:51:21-77
84            </intent-filter>
85            <intent-filter>
85-->src/main/AndroidManifest.xml:69:13-72:29
86                <action android:name="net.carff.android.STEAMPUNKCLOCK_DATE_WIDGET_UPDATE" />
86-->src/main/AndroidManifest.xml:70:17-71:90
86-->src/main/AndroidManifest.xml:71:21-87
87            </intent-filter>
88
89            <meta-data
89-->src/main/AndroidManifest.xml:57:13-59:54
90                android:name="android.appwidget.provider"
90-->src/main/AndroidManifest.xml:58:17-58
91                android:resource="@xml/date_widget" />
91-->src/main/AndroidManifest.xml:59:17-52
92        </receiver>
93
94        <provider
94-->[androidx.profileinstaller:profileinstaller:1.3.0] AndroidManifest.xml:24:9-32:20
95            android:name="androidx.startup.InitializationProvider"
95-->[androidx.profileinstaller:profileinstaller:1.3.0] AndroidManifest.xml:25:13-67
96            android:authorities="net.carff.android.steampunkclock.androidx-startup"
96-->[androidx.profileinstaller:profileinstaller:1.3.0] AndroidManifest.xml:26:13-68
97            android:exported="false" >
97-->[androidx.profileinstaller:profileinstaller:1.3.0] AndroidManifest.xml:27:13-37
98            <meta-data
98-->[androidx.profileinstaller:profileinstaller:1.3.0] AndroidManifest.xml:29:13-31:52
99                android:name="androidx.profileinstaller.ProfileInstallerInitializer"
99-->[androidx.profileinstaller:profileinstaller:1.3.0] AndroidManifest.xml:30:17-85
100                android:value="androidx.startup" />
100-->[androidx.profileinstaller:profileinstaller:1.3.0] AndroidManifest.xml:31:17-49
101        </provider>
102
103        <receiver
103-->[androidx.profileinstaller:profileinstaller:1.3.0] AndroidManifest.xml:34:9-52:20
104            android:name="androidx.profileinstaller.ProfileInstallReceiver"
104-->[androidx.profileinstaller:profileinstaller:1.3.0] AndroidManifest.xml:35:13-76
105            android:directBootAware="false"
105-->[androidx.profileinstaller:profileinstaller:1.3.0] AndroidManifest.xml:36:13-44
106            android:enabled="true"
106-->[androidx.profileinstaller:profileinstaller:1.3.0] AndroidManifest.xml:37:13-35
107            android:exported="true"
107-->[androidx.profileinstaller:profileinstaller:1.3.0] AndroidManifest.xml:38:13-36
108            android:permission="android.permission.DUMP" >
108-->[androidx.profileinstaller:profileinstaller:1.3.0] AndroidManifest.xml:39:13-57
109            <intent-filter>
109-->[androidx.profileinstaller:profileinstaller:1.3.0] AndroidManifest.xml:40:13-42:29
110                <action android:name="androidx.profileinstaller.action.INSTALL_PROFILE" />
110-->[androidx.profileinstaller:profileinstaller:1.3.0] AndroidManifest.xml:41:17-91
110-->[androidx.profileinstaller:profileinstaller:1.3.0] AndroidManifest.xml:41:25-88
111            </intent-filter>
112            <intent-filter>
112-->[androidx.profileinstaller:profileinstaller:1.3.0] AndroidManifest.xml:43:13-45:29
113                <action android:name="androidx.profileinstaller.action.SKIP_FILE" />
113-->[androidx.profileinstaller:profileinstaller:1.3.0] AndroidManifest.xml:44:17-85
113-->[androidx.profileinstaller:profileinstaller:1.3.0] AndroidManifest.xml:44:25-82
114            </intent-filter>
115            <intent-filter>
115-->[androidx.profileinstaller:profileinstaller:1.3.0] AndroidManifest.xml:46:13-48:29
116                <action android:name="androidx.profileinstaller.action.SAVE_PROFILE" />
116-->[androidx.profileinstaller:profileinstaller:1.3.0] AndroidManifest.xml:47:17-88
116-->[androidx.profileinstaller:profileinstaller:1.3.0] AndroidManifest.xml:47:25-85
117            </intent-filter>
118            <intent-filter>
118-->[androidx.profileinstaller:profileinstaller:1.3.0] AndroidManifest.xml:49:13-51:29
119                <action android:name="androidx.profileinstaller.action.BENCHMARK_OPERATION" />
119-->[androidx.profileinstaller:profileinstaller:1.3.0] AndroidManifest.xml:50:17-95
119-->[androidx.profileinstaller:profileinstaller:1.3.0] AndroidManifest.xml:50:25-92
120            </intent-filter>
121        </receiver>
122    </application>
123
124</manifest>